---
# Source: jiva/templates/csi-controller-rbac.yaml
kind: ServiceAccount
apiVersion: v1
metadata:
  name: openebs-jiva-csi-controller-sa
  labels:
    chart: jiva-3.2.0
    heritage: Helm
    openebs.io/version: "3.2.0"
    name: "openebs-jiva-csi-controller"
    release: openebs-jiva-operator
    component: "openebs-jiva-csi-controller"
    openebs.io/component-name: "openebs-jiva-csi-controller"
  namespace: neon-storage
---
# Source: jiva/templates/csi-node-rbac.yaml
apiVersion: v1
kind: ServiceAccount
metadata:
  name: openebs-jiva-csi-node-sa
  labels:
    chart: jiva-3.2.0
    heritage: Helm
    openebs.io/version: "3.2.0"
    name: "openebs-jiva-csi-node"
    release: openebs-jiva-operator
    component: "openebs-jiva-csi-node"
    openebs.io/component-name: "openebs-jiva-csi-node"
  namespace: neon-storage
---
# Source: jiva/templates/jiva-operator-rbac.yaml
apiVersion: v1
kind: ServiceAccount
metadata:
  name: openebs-jiva-operator
  labels:
    chart: jiva-3.2.0
    heritage: Helm
    openebs.io/version: "3.2.0"
---
# Source: jiva/templates/csi-iscsiadm-config.yaml
kind: ConfigMap
apiVersion: v1
metadata:
  name: openebs-jiva-csi-iscsiadm
data:
  iscsiadm: |
    #!/bin/sh
    if [ -x /host/sbin/iscsiadm ]; then
      chroot /host /sbin/iscsiadm "$@"
    elif [ -x /host/usr/local/sbin/iscsiadm ]; then
      chroot /host /usr/local/sbin/iscsiadm "$@"
    elif [ -x /host/bin/iscsiadm ]; then
      chroot /host /bin/iscsiadm "$@"
    elif [ -x /host/usr/local/bin/iscsiadm ]; then
      chroot /host /usr/local/bin/iscsiadm "$@"
    else
      chroot /host iscsiadm "$@"
    fi
---
# Source: jiva/templates/default-storageclass.yaml
apiVersion: storage.k8s.io/v1
kind: StorageClass
metadata:
  name: openebs-jiva-default
  annotations:
provisioner: jiva.csi.openebs.io
volumeBindingMode: Immediate
allowVolumeExpansion: true
reclaimPolicy: Delete
parameters:
  cas-type: "jiva"
  policy: openebs-jiva-default-policy
---
# Source: jiva/templates/csi-controller-rbac.yaml
kind: ClusterRole
apiVersion: rbac.authorization.k8s.io/v1
metadata:
  name: openebs-jiva-csi-snapshotter-role
  labels:
    chart: jiva-3.2.0
    heritage: Helm
    openebs.io/version: "3.2.0"
    name: "openebs-jiva-csi-controller"
    release: openebs-jiva-operator
    component: "openebs-jiva-csi-controller"
    openebs.io/component-name: "openebs-jiva-csi-controller"
rules:
  - apiGroups: [""]
    resources: ["persistentvolumes"]
    verbs: ["get", "list", "watch"]
  - apiGroups: [""]
    resources: ["persistentvolumeclaims"]
    verbs: ["get", "list", "watch"]
  - apiGroups: ["storage.k8s.io"]
    resources: ["storageclasses"]
    verbs: ["get", "list", "watch"]
  - apiGroups: [""]
    resources: ["events"]
    verbs: ["list", "watch", "create", "update", "patch"]
  - apiGroups: [""]
    resources: ["secrets"]
    verbs: ["get", "list"]
  - apiGroups: ["snapshot.storage.k8s.io"]
    resources: ["volumesnapshotclasses"]
    verbs: ["get", "list", "watch"]
  - apiGroups: ["snapshot.storage.k8s.io"]
    resources: ["volumesnapshotcontents"]
    verbs: ["create", "get", "list", "watch", "update", "delete"]
  - apiGroups: ["snapshot.storage.k8s.io"]
    resources: ["volumesnapshotcontents/status"]
    verbs: ["update"]
  - apiGroups: ["snapshot.storage.k8s.io"]
    resources: ["volumesnapshots"]
    verbs: ["get", "list", "watch", "update"]
  - apiGroups: ["snapshot.storage.k8s.io"]
    resources: ["volumesnapshots/status"]
    verbs: ["update"]
  - apiGroups: ["coordination.k8s.io"]
    resources: ["leases"]
    verbs: ["get", "watch", "list", "delete", "update", "create"]
  - apiGroups: ["apiextensions.k8s.io"]
    resources: ["customresourcedefinitions"]
    verbs: ["create", "list", "watch", "delete", "get", "update"]
---
# Source: jiva/templates/csi-controller-rbac.yaml
kind: ClusterRole
apiVersion: rbac.authorization.k8s.io/v1
metadata:
  name: openebs-jiva-csi-provisioner-role
  labels:
    chart: jiva-3.2.0
    heritage: Helm
    openebs.io/version: "3.2.0"
    name: "openebs-jiva-csi-controller"
    release: openebs-jiva-operator
    component: "openebs-jiva-csi-controller"
    openebs.io/component-name: "openebs-jiva-csi-controller"
rules:
  - apiGroups: [""]
    resources: ["secrets","namespaces"]
    verbs: ["get", "list"]
  - apiGroups: [ "" ]
    resources: [ "pods" ]
    verbs: [ "get", "list", "watch" ]
  - apiGroups: [""]
    resources: ["persistentvolumes", "services"]
    verbs: ["get", "list", "watch", "create", "delete", "update", "patch"]
  - apiGroups: [""]
    resources: ["persistentvolumeclaims"]
    verbs: ["get", "list", "watch", "update"]
  - apiGroups: [""]
    resources: ["persistentvolumeclaims/status"]
    verbs: ["update", "patch"]
  - apiGroups: ["storage.k8s.io"]
    resources: ["storageclasses", "csinodes"]
    verbs: ["get", "list", "watch"]
  - apiGroups: [""]
    resources: ["events"]
    verbs: ["list", "watch", "create", "update", "patch"]
  - apiGroups: ["snapshot.storage.k8s.io"]
    resources: ["volumesnapshots"]
    verbs: ["get", "list"]
  - apiGroups: ["storage.k8s.io"]
    resources: ["volumeattachments"]
    verbs: ["get", "list", "watch", "create", "delete", "update", "patch"]
  - apiGroups: ["snapshot.storage.k8s.io"]
    resources: ["volumesnapshotcontents"]
    verbs: ["get", "list"]
  - apiGroups: ["coordination.k8s.io"]
    resources: ["leases"]
    verbs: ["*"]
  - apiGroups: ["*"]
    resources: ["jivavolumeattachments", "jivavolumes","jivavolumeconfigs"]
    verbs: ["*"]
---
# Source: jiva/templates/csi-controller-rbac.yaml
############################## CSI- Attacher #######################
# Attacher must be able to work with PVs, nodes and VolumeAttachments
kind: ClusterRole
apiVersion: rbac.authorization.k8s.io/v1
metadata:
  name: openebs-jiva-csi-attacher-role
  labels:
    chart: jiva-3.2.0
    heritage: Helm
    openebs.io/version: "3.2.0"
    name: "openebs-jiva-csi-controller"
    release: openebs-jiva-operator
    component: "openebs-jiva-csi-controller"
    openebs.io/component-name: "openebs-jiva-csi-controller"
rules:
  - apiGroups: [""]
    resources: ["persistentvolumes"]
    verbs: ["get", "list", "watch", "update"]
  - apiGroups: [""]
    resources: ["nodes"]
    verbs: ["get", "list", "watch"]
  - apiGroups: ["csi.storage.k8s.io"]
    resources: ["csinodeinfos"]
    verbs: ["get", "list", "watch"]
  - apiGroups: ["storage.k8s.io"]
    resources: ["volumeattachments", "csinodes"]
    verbs: ["get", "list", "watch", "update"]
  - apiGroups: [ "storage.k8s.io" ]
    resources: [ "volumeattachments/status" ]
    verbs: [ "patch" ]
---
# Source: jiva/templates/csi-controller-rbac.yaml
kind: ClusterRole
apiVersion: rbac.authorization.k8s.io/v1
metadata:
  name: openebs-jiva-csi-cluster-registrar-role
  labels:
    chart: jiva-3.2.0
    heritage: Helm
    openebs.io/version: "3.2.0"
    name: "openebs-jiva-csi-controller"
    release: openebs-jiva-operator
    component: "openebs-jiva-csi-controller"
    openebs.io/component-name: "openebs-jiva-csi-controller"
rules:
  - apiGroups: ["csi.storage.k8s.io"]
    resources: ["csidrivers"]
    verbs: ["create", "delete"]
---
# Source: jiva/templates/csi-node-rbac.yaml
kind: ClusterRole
apiVersion: rbac.authorization.k8s.io/v1
metadata:
  name: openebs-jiva-csi-registrar-role
  labels:
    chart: jiva-3.2.0
    heritage: Helm
    openebs.io/version: "3.2.0"
    name: "openebs-jiva-csi-node"
    release: openebs-jiva-operator
    component: "openebs-jiva-csi-node"
    openebs.io/component-name: "openebs-jiva-csi-node"
rules:
  - apiGroups: [""]
    resources: ["events"]
    verbs: ["get", "list", "watch", "create", "update", "patch"]
  - apiGroups: [""]
    resources: ["persistentvolumes", "nodes", "services"]
    verbs: ["get", "list", "patch"]
  - apiGroups: ["*"]
    resources: ["jivavolumes"]
    verbs: ["get", "list", "watch", "create", "update", "delete", "patch"]
---
# Source: jiva/templates/jiva-operator-rbac.yaml
apiVersion: rbac.authorization.k8s.io/v1
kind: ClusterRole
metadata:
  name: jiva-operator
rules:
- apiGroups:
  - ""
  resources:
  - pods
  - services
  - services/finalizers
  - endpoints
  - persistentvolumes
  - persistentvolumeclaims
  - events
  - configmaps
  - secrets
  verbs:
  - '*'
- apiGroups:
  - apps
  resources:
  - deployments
  - daemonsets
  - replicasets
  - statefulsets
  verbs:
  - '*'
- apiGroups:
  - monitoring.coreos.com
  resources:
  - servicemonitors
  verbs:
  - get
  - create
- apiGroups:
  - apps
  resourceNames:
  - jiva-operator
  resources:
  - deployments/finalizers
  verbs:
  - update
- apiGroups:
  - ""
  resources:
  - nodes
  verbs:
  - get
  - list
  - watch
- apiGroups:
  - apps
  resources:
  - replicasets
  verbs:
  - get
- apiGroups:
  - policy
  resources:
  - poddisruptionbudgets
  verbs:
  - '*'
- apiGroups:
  - openebs.io
  resources:
  - '*'
  verbs:
  - '*'
---
# Source: jiva/templates/csi-controller-rbac.yaml
# jiva csi roles and bindings
kind: ClusterRoleBinding
apiVersion: rbac.authorization.k8s.io/v1
metadata:
  name: openebs-jiva-csi-snapshotter-binding
  labels:
    chart: jiva-3.2.0
    heritage: Helm
    openebs.io/version: "3.2.0"
    name: "openebs-jiva-csi-controller"
    release: openebs-jiva-operator
    component: "openebs-jiva-csi-controller"
    openebs.io/component-name: "openebs-jiva-csi-controller"
subjects:
  - kind: ServiceAccount
    name: openebs-jiva-csi-controller-sa
    namespace: neon-storage
roleRef:
  kind: ClusterRole
  name: openebs-jiva-csi-snapshotter-role
  apiGroup: rbac.authorization.k8s.io
---
# Source: jiva/templates/csi-controller-rbac.yaml
kind: ClusterRoleBinding
apiVersion: rbac.authorization.k8s.io/v1
metadata:
  name: openebs-jiva-csi-provisioner-binding
  labels:
    chart: jiva-3.2.0
    heritage: Helm
    openebs.io/version: "3.2.0"
    name: "openebs-jiva-csi-controller"
    release: openebs-jiva-operator
    component: "openebs-jiva-csi-controller"
    openebs.io/component-name: "openebs-jiva-csi-controller"
subjects:
  - kind: ServiceAccount
    name: openebs-jiva-csi-controller-sa
    namespace: neon-storage
roleRef:
  kind: ClusterRole
  name: openebs-jiva-csi-provisioner-role
  apiGroup: rbac.authorization.k8s.io
---
# Source: jiva/templates/csi-controller-rbac.yaml
kind: ClusterRoleBinding
apiVersion: rbac.authorization.k8s.io/v1
metadata:
  name: openebs-jiva-csi-attacher-binding
  labels:
    chart: jiva-3.2.0
    heritage: Helm
    openebs.io/version: "3.2.0"
    name: "openebs-jiva-csi-controller"
    release: openebs-jiva-operator
    component: "openebs-jiva-csi-controller"
    openebs.io/component-name: "openebs-jiva-csi-controller"
subjects:
  - kind: ServiceAccount
    name: openebs-jiva-csi-controller-sa
    namespace: neon-storage
roleRef:
  kind: ClusterRole
  name: openebs-jiva-csi-attacher-role
  apiGroup: rbac.authorization.k8s.io
---
# Source: jiva/templates/csi-controller-rbac.yaml
kind: ClusterRoleBinding
apiVersion: rbac.authorization.k8s.io/v1
metadata:
  name: openebs-jiva-csi-cluster-registrar-binding
  labels:
    chart: jiva-3.2.0
    heritage: Helm
    openebs.io/version: "3.2.0"
    name: "openebs-jiva-csi-controller"
    release: openebs-jiva-operator
    component: "openebs-jiva-csi-controller"
    openebs.io/component-name: "openebs-jiva-csi-controller"
subjects:
  - kind: ServiceAccount
    name: openebs-jiva-csi-controller-sa
    namespace: neon-storage
roleRef:
  kind: ClusterRole
  name: openebs-jiva-csi-cluster-registrar-role
  apiGroup: rbac.authorization.k8s.io
---
# Source: jiva/templates/csi-node-rbac.yaml
kind: ClusterRoleBinding
apiVersion: rbac.authorization.k8s.io/v1
metadata:
  name: openebs-jiva-csi-registrar-binding
  labels:
    chart: jiva-3.2.0
    heritage: Helm
    openebs.io/version: "3.2.0"
    name: "openebs-jiva-csi-node"
    release: openebs-jiva-operator
    component: "openebs-jiva-csi-node"
    openebs.io/component-name: "openebs-jiva-csi-node"
subjects:
  - kind: ServiceAccount
    name: openebs-jiva-csi-node-sa
    namespace: neon-storage
roleRef:
  kind: ClusterRole
  name: openebs-jiva-csi-registrar-role
  apiGroup: rbac.authorization.k8s.io
---
# Source: jiva/templates/jiva-operator-rbac.yaml
kind: ClusterRoleBinding
apiVersion: rbac.authorization.k8s.io/v1
metadata:
  name: openebs-jiva-operator
  labels:
    chart: jiva-3.2.0
    heritage: Helm
    openebs.io/version: "3.2.0"
subjects:
- kind: ServiceAccount
  name: openebs-jiva-operator
  namespace: neon-storage
roleRef:
  kind: ClusterRole
  name: jiva-operator
  apiGroup: rbac.authorization.k8s.io
---
# Source: jiva/templates/csi-node.yaml
kind: DaemonSet
apiVersion: apps/v1
metadata:
  name: openebs-jiva-operator-csi-node
  labels:
    chart: jiva-3.2.0
    heritage: Helm
    openebs.io/version: "3.2.0"
    name: "openebs-jiva-csi-node"
    release: openebs-jiva-operator
    component: "openebs-jiva-csi-node"
    openebs.io/component-name: "openebs-jiva-csi-node"
spec:
  selector:
    matchLabels:
      name: "openebs-jiva-csi-node"
      release: openebs-jiva-operator
      component: "openebs-jiva-csi-node"
  template:
    metadata:
      labels:
        chart: jiva-3.2.0
        heritage: Helm
        openebs.io/version: "3.2.0"
        name: "openebs-jiva-csi-node"
        release: openebs-jiva-operator
        component: "openebs-jiva-csi-node"
        openebs.io/component-name: "openebs-jiva-csi-node"
    spec:
      priorityClassName: openebs-jiva-operator-jiva-csi-node-critical
      serviceAccount: openebs-jiva-csi-node-sa
      hostNetwork: true
      containers:
        - name: csi-node-driver-registrar
          image: "neon-registry.node.local/k8scsi-csi-node-driver-registrar:v2.3.0"
          imagePullPolicy: IfNotPresent
          resources:
            {}
          args:
            - "--v=5"
            - "--csi-address=$(ADDRESS)"
            - "--kubelet-registration-path=$(DRIVER_REG_SOCK_PATH)"
          lifecycle:
            preStop:
              exec:
                command: ["/bin/sh", "-c", "rm -rf /registration/jiva.csi.openebs.io /registration/jiva.csi.openebs.io-reg.sock"]
          env:
            - name: ADDRESS
              value: /plugin/csi.sock
            - name: DRIVER_REG_SOCK_PATH
              value: /var/lib/kubelet/plugins/jiva.csi.openebs.io/csi.sock
            - name: KUBE_NODE_NAME
              valueFrom:
                fieldRef:
                  fieldPath: spec.nodeName
            - name: NODE_DRIVER
              value: openebs-jiva-csi
          volumeMounts:
            - name: plugin-dir
              mountPath: /plugin
            - name: registration-dir
              mountPath: /registration
        - name: jiva-csi-plugin
          securityContext:
            privileged: true
            allowPrivilegeEscalation: true
          image: "neon-registry.node.local/openebs-jiva-csi:3.2.0"
          imagePullPolicy: IfNotPresent
          args:
            - "--name=jiva.csi.openebs.io"
            - "--nodeid=$(OPENEBS_NODE_ID)"
            - "--endpoint=$(OPENEBS_CSI_ENDPOINT)"
            - "--plugin=$(OPENEBS_NODE_DRIVER)"
            # enableiscsidebug is used to enable debug logs for iscsi operations
            - "--enableiscsidebug=true"
            # logging level for klog library used in k8s packages
            #- "--v=5"
            # retrycount is the max number of retries per nodeStaging rpc
            # request on a timeout of 5 sec
            # This count has been set to 20 for sanity test cases as it takes
            # time in minikube
            - "--retrycount=20"
            # metricsBindAddress is the TCP address that the controller should bind to
            # for serving prometheus metrics. By default the address is set to localhost:9505.
            # The address can be configured to any desired address.
            # Remove the flag to disable prometheus metrics.
            - "--metricsBindAddress=:9505"
          env:
            - name: OPENEBS_NODE_ID
              valueFrom:
                fieldRef:
                  fieldPath: spec.nodeName
            - name: OPENEBS_CSI_ENDPOINT
              value: unix:///plugin/csi.sock
            - name: OPENEBS_NODE_DRIVER
              value: node
            - name: OPENEBS_CSI_API_URL
              value: https://openebs.io
              # OpenEBS namespace where the openebs jiva operator components
              # has been installed
            - name: OPENEBS_NAMESPACE
              valueFrom:
                fieldRef:
                  fieldPath: metadata.namespace
              # Enable/Disable auto-remount feature, when volumes
              # recovers form the read-only state
            - name: REMOUNT
              value: "true"
          volumeMounts:
            - name: plugin-dir
              mountPath: /plugin
            - name: device-dir
              mountPath: /dev
            - name: pods-mount-dir
              mountPath: /var/lib/kubelet/
              # needed so that any mounts setup inside this container are
              # propagated back to the host machine.
              mountPropagation: "Bidirectional"
            - name: host-root
              mountPath: /host
              mountPropagation: "HostToContainer"
            - name: chroot-iscsiadm
              mountPath: /sbin/iscsiadm
              subPath: iscsiadm
        - name: liveness-probe
          image: "neon-registry.node.local/k8scsi-livenessprobe:v2.3.0"
          imagePullPolicy: IfNotPresent
          args:
            - "--csi-address=/plugin/csi.sock"
          volumeMounts:
          - mountPath: /plugin
            name: plugin-dir
      volumes:
        - name: device-dir
          hostPath:
            path: /dev
            type: Directory
        - name: registration-dir
          hostPath:
            path: /var/lib/kubelet/plugins_registry/
            type: DirectoryOrCreate
        - name: plugin-dir
          hostPath:
            path: /var/lib/kubelet/plugins/jiva.csi.openebs.io/
            type: DirectoryOrCreate
        - name: pods-mount-dir
          hostPath:
            path: /var/lib/kubelet/
            type: Directory
        - name: chroot-iscsiadm
          configMap:
            defaultMode: 0555
            name: openebs-jiva-csi-iscsiadm
        - name: host-root
          hostPath:
            path: /
            type: Directory
---
# Source: jiva/templates/jiva-operator.yaml
apiVersion: apps/v1
kind: Deployment
metadata:
  name: openebs-jiva-operator-operator
  labels:
    chart: jiva-3.2.0
    heritage: Helm
    openebs.io/version: "3.2.0"
    name: "jiva-operator"
    release: openebs-jiva-operator
    component: "jiva-operator"
    openebs.io/component-name: "jiva-operator"
spec:
  selector:
    matchLabels:
      name: "jiva-operator"
      release: openebs-jiva-operator
      component: "jiva-operator"
  replicas: 
  strategy:
    type: Recreate
  template:
    metadata:
      labels:
        chart: jiva-3.2.0
        heritage: Helm
        openebs.io/version: "3.2.0"
        name: "jiva-operator"
        release: openebs-jiva-operator
        component: "jiva-operator"
        openebs.io/component-name: "jiva-operator"
    spec:
      serviceAccountName: openebs-jiva-operator
      containers:
        - name: openebs-jiva-operator-operator
          imagePullPolicy: IfNotPresent
          image: "neon-registry.node.local/openebs-jiva-operator:3.2.0"
          command:
          - jiva-operator
          resources:
            {}
          env:
            - name: OPENEBS_NAMESPACE
              valueFrom:
                fieldRef:
                  fieldPath: metadata.namespace
            - name: POD_NAME
              valueFrom:
                fieldRef:
                  fieldPath: metadata.name
            - name: OPERATOR_NAME
              value: "jiva-operator"
            - name: OPENEBS_SERVICEACCOUNT_NAME
              valueFrom:
                fieldRef:
                  fieldPath: spec.serviceAccountName
            - name: OPENEBS_IO_JIVA_CONTROLLER_IMAGE
              value: "neon-registry.node.local/openebs-jiva:3.2.0"
            - name: OPENEBS_IO_JIVA_REPLICA_IMAGE
              value: "neon-registry.node.local/openebs-jiva:3.2.0"
            - name: OPENEBS_IO_MAYA_EXPORTER_IMAGE
              value: "neon-registry.node.local/openebs-m-exporter:3.2.0"
---
# Source: jiva/templates/csi-controller.yaml
kind: StatefulSet
apiVersion: apps/v1
metadata:
  name: openebs-jiva-operator-csi-controller
  labels:
    chart: jiva-3.2.0
    heritage: Helm
    openebs.io/version: "3.2.0"
    name: "openebs-jiva-csi-controller"
    release: openebs-jiva-operator
    component: "openebs-jiva-csi-controller"
    openebs.io/component-name: "openebs-jiva-csi-controller"
spec:
  selector:
    matchLabels:
      name: "openebs-jiva-csi-controller"
      release: openebs-jiva-operator
      component: "openebs-jiva-csi-controller"
  serviceName: "openebs-csi"
  replicas: 
  template:
    metadata:
      labels:
        chart: jiva-3.2.0
        heritage: Helm
        openebs.io/version: "3.2.0"
        name: "openebs-jiva-csi-controller"
        release: openebs-jiva-operator
        component: "openebs-jiva-csi-controller"
        openebs.io/component-name: "openebs-jiva-csi-controller"
    spec:
      priorityClassName: openebs-jiva-operator-jiva-csi-controller-critical
      serviceAccount: openebs-jiva-csi-controller-sa
      containers:
        - name: csi-resizer
          image: "neon-registry.node.local/k8scsi-csi-resizer:v1.2.0"
          resources:
            {}
          args:
            - "--v=5"
            - "--csi-address=$(ADDRESS)"
            - "--leader-election"
          env:
            - name: ADDRESS
              value: /var/lib/csi/sockets/pluginproxy/csi.sock
          imagePullPolicy: IfNotPresent
          volumeMounts:
            - name: socket-dir
              mountPath: /var/lib/csi/sockets/pluginproxy/
        - name: csi-provisioner
          image: "neon-registry.node.local/k8scsi-csi-provisioner:v3.0.0"
          imagePullPolicy: IfNotPresent
          args:
            - "--csi-address=$(ADDRESS)"
            - "--v=5"
            - "--feature-gates=Topology=true"
            - "--extra-create-metadata=true"
            - "--metrics-address=:22011"
            - "--timeout=250s"
            - "--default-fstype=ext4"
          env:
            - name: MY_NAME
              valueFrom:
                fieldRef:
                  fieldPath: metadata.name
            - name: ADDRESS
              value: /var/lib/csi/sockets/pluginproxy/csi.sock
          volumeMounts:
            - name: socket-dir
              mountPath: /var/lib/csi/sockets/pluginproxy/
        - name: csi-attacher
          image: "neon-registry.node.local/k8scsi-csi-attacher:v3.1.0"
          imagePullPolicy: IfNotPresent
          args:
            - "--v=5"
            - "--csi-address=$(ADDRESS)"
          env:
            - name: ADDRESS
              value: /var/lib/csi/sockets/pluginproxy/csi.sock
          volumeMounts:
            - name: socket-dir
              mountPath: /var/lib/csi/sockets/pluginproxy/
        - name: jiva-csi-plugin
          image: "neon-registry.node.local/openebs-jiva-csi:3.2.0"
          imagePullPolicy: IfNotPresent
          env:
            - name: OPENEBS_JIVA_CSI_CONTROLLER
              value: controller
            - name: OPENEBS_JIVA_CSI_ENDPOINT
              value: unix:///var/lib/csi/sockets/pluginproxy/csi.sock
            - name: OPENEBS_CSI_API_URL
              value: https://openebs.io
            - name: OPENEBS_NODEID
              valueFrom:
                fieldRef:
                  apiVersion: v1
                  fieldPath: spec.nodeName
              # OpenEBS namespace where the openebs jiva operator components
              # has been installed
            - name: OPENEBS_NAMESPACE
              valueFrom:
                fieldRef:
                  fieldPath: metadata.namespace
            - name: OPENEBS_IO_INSTALLER_TYPE
              value: "jiva-helm"
            - name: OPENEBS_IO_ENABLE_ANALYTICS
              value: "false"
          args :
            - "--endpoint=$(OPENEBS_JIVA_CSI_ENDPOINT)"
            - "--plugin=$(OPENEBS_JIVA_CSI_CONTROLLER)"
            - "--name=jiva.csi.openebs.io"
            - "--nodeid=$(OPENEBS_NODEID)"
          volumeMounts:
            - name: socket-dir
              mountPath: /var/lib/csi/sockets/pluginproxy/
        - name: liveness-probe
          image: "neon-registry.node.local/k8scsi-livenessprobe:v2.3.0"
          imagePullPolicy: IfNotPresent
          args:
            - "--csi-address=/csi/csi.sock"
          volumeMounts:
          - mountPath: /csi
            name: socket-dir
      volumes:
        - name: socket-dir
          emptyDir: {}
---
# Source: jiva/templates/csi-driver.yaml
apiVersion: storage.k8s.io/v1
kind: CSIDriver
metadata:
  name: jiva.csi.openebs.io
spec:
  podInfoOnMount: true
  attachRequired: false
---
# Source: jiva/templates/default-policy.yaml
apiVersion: openebs.io/v1alpha1
kind: JivaVolumePolicy
metadata:
  name: openebs-jiva-default-policy
spec:
  replicaSC: openebs-hostpath
  target:
    replicationFactor: 3
---
# Source: jiva/templates/priority-class.yaml
apiVersion: scheduling.k8s.io/v1
kind: PriorityClass
metadata:
  name: openebs-jiva-operator-jiva-csi-controller-critical
value: 9e+08
globalDefault: false
description: "This priority class should be used for the OpenEBS CSI driver controller deployment only."
---
# Source: jiva/templates/priority-class.yaml
apiVersion: scheduling.k8s.io/v1
kind: PriorityClass
metadata:
  name: openebs-jiva-operator-jiva-csi-node-critical
value: 9.00001e+08
globalDefault: false
description: "This priority class should be used for the OpenEBS CSI driver node deployment only."
